<?xml version="1.0" encoding="UTF-8"?>
<!-- Generated by org.testng.reporters.JUnitReportReporter -->
<testsuite hostname="PARTHA-PC" failures="0" tests="3" name="com.qa.api.gorest.tests.GetImgurAPITest" time="12.363" errors="0" timestamp="2022-05-29T20:01:11 IST" skipped="0">
  <testcase classname="com.qa.api.gorest.tests.GetImgurAPITest" name="getAccountImagesTest" time="5.343"/>
  <system-out/>
  <testcase classname="com.qa.api.gorest.tests.GetImgurAPITest" name="uploadImagePostAPITest" time="4.806"/>
  <system-out/>
  <testcase classname="com.qa.api.gorest.tests.GetImgurAPITest" name="getAccountBlockStatusTest" time="2.214"/>
  <system-out/>
</testsuite> <!-- com.qa.api.gorest.tests.GetImgurAPITest -->
