<?xml version="1.0" encoding="UTF-8"?>
<!-- Generated by org.testng.reporters.JUnitReportReporter -->
<testsuite hostname="PARTHA-PC" failures="0" tests="1" name="com.qa.api.gorest.tests.UpdateUserTest" time="2.976" errors="0" timestamp="2022-05-29T20:01:11 IST" skipped="0">
  <testcase classname="com.qa.api.gorest.tests.UpdateUserTest" name="updateUserAPIPUTTest" time="2.976"/>
  <system-out/>
</testsuite> <!-- com.qa.api.gorest.tests.UpdateUserTest -->
